<?xml version="1.0" encoding="UTF-8"?>
<!-- Generated by org.testng.reporters.JUnitXMLReporter -->
<testsuite ignored="0" hostname="DESKTOP-S8UUUM9" failures="1" tests="1" name="Default test" time="30.931" errors="0" timestamp="2024-04-08T02:41:48 EDT">
  <testcase classname="io.cucumber.testng.AbstractTestNGCucumberTests" name="runScenario" time="30.414">
    <failure type="java.lang.NullPointerException" message="Cannot invoke &amp;quot;org.openqa.selenium.WebDriver.findElement(org.openqa.selenium.By)&amp;quot; because &amp;quot;this.driver&amp;quot; is null">
      <![CDATA[java.lang.NullPointerException: Cannot invoke "org.openqa.selenium.WebDriver.findElement(org.openqa.selenium.By)" because "this.driver" is null
at stepDefinition.TestBase.find(TestBase.java:77)
at stepDefinition.TestBase.click(TestBase.java:87)
at pageObjects.DesheCartPageObjects.clickLoginButton(DesheCartPageObjects.java:22)
at stepDefinition.DesheCartPageSteps.click_on_the_sign_in_button(DesheCartPageSteps.java:38)
at ✽.Click on the sign-in button(file:///C:/Users/nahid/eclipse-workspaceBitbucket/CucumberTest/./Features/desheCartSignin.feature:16)
]]>
    </failure>
  </testcase> <!-- runScenario -->
</testsuite> <!-- Default test -->
