<?xml version="1.0" encoding="UTF-8"?>
<testng-results ignored="0" total="1" passed="0" failed="1" skipped="0">
  <reporter-output>
  </reporter-output>
  <suite started-at="2024-04-08T02:41:17 EDT" name="Default suite" finished-at="2024-04-08T02:41:48 EDT" duration-ms="30931">
    <groups>
      <group name="cucumber">
        <method signature="AbstractTestNGCucumberTests.runScenario(io.cucumber.testng.PickleWrapper, io.cucumber.testng.FeatureWrapper)[pri:0, instance:runner.TestNGRunner@29e495ff]" name="runScenario" class="io.cucumber.testng.AbstractTestNGCucumberTests"/>
      </group> <!-- cucumber -->
    </groups>
    <test started-at="2024-04-08T02:41:17 EDT" name="Default test" finished-at="2024-04-08T02:41:48 EDT" duration-ms="30931">
      <class name="runner.TestNGRunner">
        <test-method is-config="true" signature="setUpClass()[pri:0, instance:runner.TestNGRunner@29e495ff]" started-at="2024-04-08T02:41:17 EDT" name="setUpClass" finished-at="2024-04-08T02:41:18 EDT" duration-ms="429" status="PASS">
          <reporter-output>
          </reporter-output>
        </test-method> <!-- setUpClass -->
        <test-method signature="runScenario(io.cucumber.testng.PickleWrapper, io.cucumber.testng.FeatureWrapper)[pri:0, instance:runner.TestNGRunner@29e495ff]" started-at="2024-04-08T02:41:18 EDT" name="runScenario" description="Runs Cucumber Scenarios" data-provider="scenarios" finished-at="2024-04-08T02:41:48 EDT" duration-ms="30414" status="FAIL">
          <params>
            <param index="0">
              <value>
                <![CDATA["Login to deshEcart with invalid credentials"]]>
              </value>
            </param>
            <param index="1">
              <value>
                <![CDATA["Optional[DeshEcart login vallidation]"]]>
              </value>
            </param>
          </params>
          <exception class="java.lang.NullPointerException">
            <message>
              <![CDATA[Cannot invoke "org.openqa.selenium.WebDriver.findElement(org.openqa.selenium.By)" because "this.driver" is null]]>
            </message>
            <full-stacktrace>
              <![CDATA[java.lang.NullPointerException: Cannot invoke "org.openqa.selenium.WebDriver.findElement(org.openqa.selenium.By)" because "this.driver" is null
at stepDefinition.TestBase.find(TestBase.java:77)
at stepDefinition.TestBase.click(TestBase.java:87)
at pageObjects.DesheCartPageObjects.clickLoginButton(DesheCartPageObjects.java:22)
at stepDefinition.DesheCartPageSteps.click_on_the_sign_in_button(DesheCartPageSteps.java:38)
at ✽.Click on the sign-in button(file:///C:/Users/nahid/eclipse-workspaceBitbucket/CucumberTest/./Features/desheCartSignin.feature:16)
]]>
            </full-stacktrace>
          </exception> <!-- java.lang.NullPointerException -->
          <reporter-output>
          </reporter-output>
        </test-method> <!-- runScenario -->
        <test-method is-config="true" signature="tearDownClass()[pri:0, instance:runner.TestNGRunner@29e495ff]" started-at="2024-04-08T02:41:48 EDT" name="tearDownClass" finished-at="2024-04-08T02:41:48 EDT" duration-ms="16" status="PASS">
          <reporter-output>
          </reporter-output>
        </test-method> <!-- tearDownClass -->
      </class> <!-- runner.TestNGRunner -->
    </test> <!-- Default test -->
  </suite> <!-- Default suite -->
</testng-results>
