<?xml version="1.0" encoding="UTF-8"?>
<!-- Generated by org.testng.reporters.JUnitReportReporter -->
<testsuite hostname="DESKTOP-S8UUUM9" failures="0" tests="1" name="runner.TestNGRunner" time="30.414" errors="1" timestamp="2024-04-08T02:41:49 EDT" skipped="0">
  <testcase classname="runner.TestNGRunner" name="runScenario" time="30.414">
    <error message="Cannot invoke &quot;org.openqa.selenium.WebDriver.findElement(org.openqa.selenium.By)&quot; because &quot;this.driver&quot; is null" type="java.lang.NullPointerException">
      <![CDATA[java.lang.NullPointerException: Cannot invoke "org.openqa.selenium.WebDriver.findElement(org.openqa.selenium.By)" because "this.driver" is null
at stepDefinition.TestBase.find(TestBase.java:77)
at stepDefinition.TestBase.click(TestBase.java:87)
at pageObjects.DesheCartPageObjects.clickLoginButton(DesheCartPageObjects.java:22)
at stepDefinition.DesheCartPageSteps.click_on_the_sign_in_button(DesheCartPageSteps.java:38)
at ✽.Click on the sign-in button(file:///C:/Users/nahid/eclipse-workspaceBitbucket/CucumberTest/./Features/desheCartSignin.feature:16)
]]>
    </error>
  </testcase> <!-- runScenario -->
  <system-out/>
</testsuite> <!-- runner.TestNGRunner -->
